<?xml version="1.0" encoding="UTF-8"?>
<testng-results ignored="0" total="2" passed="2" failed="0" skipped="0">
  <reporter-output>
  </reporter-output>
  <suite started-at="2025-11-12T17:48:55 IST" name="Default suite" finished-at="2025-11-12T17:49:00 IST" duration-ms="5142">
    <groups>
    </groups>
    <test started-at="2025-11-12T17:48:55 IST" name="Default test" finished-at="2025-11-12T17:49:00 IST" duration-ms="5142">
      <class name="org.zasya.Samadhaan.login.Login">
        <test-method signature="userInvalidLogin()[pri:0, instance:org.zasya.Samadhaan.login.Login@e8df99a]" started-at="2025-11-12T17:48:55 IST" name="userInvalidLogin" finished-at="2025-11-12T17:48:59 IST" duration-ms="3910" status="PASS">
          <reporter-output>
          </reporter-output>
        </test-method> <!-- userInvalidLogin -->
        <test-method signature="userLogin()[pri:0, instance:org.zasya.Samadhaan.login.Login@e8df99a]" started-at="2025-11-12T17:48:59 IST" name="userLogin" finished-at="2025-11-12T17:49:00 IST" duration-ms="1175" status="PASS">
          <reporter-output>
          </reporter-output>
        </test-method> <!-- userLogin -->
      </class> <!-- org.zasya.Samadhaan.login.Login -->
    </test> <!-- Default test -->
  </suite> <!-- Default suite -->
</testng-results>
