<?xml version="1.0" encoding="UTF-8"?>
<testng-results ignored="0" total="1" passed="1" failed="0" skipped="0">
  <reporter-output>
  </reporter-output>
  <suite started-at="2025-11-13T18:04:38 IST" name="Default suite" finished-at="2025-11-13T18:04:43 IST" duration-ms="5227">
    <groups>
    </groups>
    <test started-at="2025-11-13T18:04:38 IST" name="Default test" finished-at="2025-11-13T18:04:43 IST" duration-ms="5227">
      <class name="org.zasya.SamadhaanEvent.Event">
        <test-method is-config="true" signature="setup()[pri:0, instance:org.zasya.SamadhaanEvent.Event@1e800aaa]" started-at="2025-11-13T18:04:38 IST" name="setup" finished-at="2025-11-13T18:04:42 IST" duration-ms="4181" status="PASS">
          <reporter-output>
          </reporter-output>
        </test-method> <!-- setup -->
        <test-method signature="eventData()[pri:0, instance:org.zasya.SamadhaanEvent.Event@1e800aaa]" started-at="2025-11-13T18:04:42 IST" name="eventData" finished-at="2025-11-13T18:04:43 IST" duration-ms="985" status="PASS">
          <reporter-output>
          </reporter-output>
        </test-method> <!-- eventData -->
      </class> <!-- org.zasya.SamadhaanEvent.Event -->
    </test> <!-- Default test -->
  </suite> <!-- Default suite -->
</testng-results>
