<?xml version="1.0" encoding="UTF-8"?>
<!-- Generated by org.testng.reporters.JUnitReportReporter -->
<testsuite hostname="Gulshan" failures="0" tests="2" name="org.zasya.Samadhaan.login.Login" time="5.085" errors="0" timestamp="2025-11-12T17:49:00 IST" skipped="0">
  <testcase classname="org.zasya.Samadhaan.login.Login" name="userInvalidLogin" time="3.910"/>
  <testcase classname="org.zasya.Samadhaan.login.Login" name="userLogin" time="1.175"/>
</testsuite> <!-- org.zasya.Samadhaan.login.Login -->
